Archive Project report for vga_basic
Mon Apr  3 17:00:56 2017
Quartus Prime Version 16.0.0 Build 211 04/27/2016 SJ Standard Edition


---------------------
; Table of Contents ;
---------------------
  1. Legal Notice
  2. Archive Project Summary
  3. Archive Project Messages
  4. Files Archived



----------------
; Legal Notice ;
----------------
Copyright (C) 1991-2016 Altera Corporation. All rights reserved.
Your use of Altera Corporation's design tools, logic functions 
and other software and tools, and its AMPP partner logic 
functions, and any output files from any of the foregoing 
(including device programming or simulation files), and any 
associated documentation or information are expressly subject 
to the terms and conditions of the Altera Program License 
Subscription Agreement, the Altera Quartus Prime License Agreement,
the Altera MegaCore Function License Agreement, or other 
applicable license agreement, including, without limitation, 
that your use is for the sole purpose of programming logic 
devices manufactured by Altera and sold by Altera or its 
authorized distributors.  Please refer to the applicable 
agreement for further details.



+----------------------------------------------------------------+
; Archive Project Summary                                        ;
+------------------------+---------------------------------------+
; Archive Project Status ; Successful - Mon Apr  3 17:00:56 2017 ;
; Revision Name          ; vga_basic                             ;
; Top-level Entity Name  ; Raquetball                            ;
; Family                 ; Cyclone V                             ;
+------------------------+---------------------------------------+


+--------------------------+
; Archive Project Messages ;
+--------------------------+
Info: File Set 'Source control' contains:
    Info: Project source and settings files
    Info: Automatically detected source files
Info: Archive will store files relative to the closest common parent directory
Info (13213): Using common directory /u/ugrads/njohnson/Documents/ELE 301/lab08/
Info: ----------------------------------------------------------
Info: ----------------------------------------------------------
Info: Generated archive '/u/ugrads/njohnson/Documents/ELE 301/Archived Labs/lab08(4_3_17).qar'
Info: ----------------------------------------------------------
Info: ----------------------------------------------------------
Info: Generated report 'vga_basic.archive.rpt'
Info (23030): Evaluation of Tcl script /net/usr/quartus16.0/quartus/common/tcl/apps/qpm/qar.tcl was successful
Info: Quartus Prime Shell was successful. 0 errors, 0 warnings
    Info: Peak virtual memory: 1219 megabytes
    Info: Processing ended: Mon Apr  3 17:00:56 2017
    Info: Elapsed time: 00:00:02
    Info: Total CPU time (on all processors): 00:00:01


+-----------------------------------+
; Files Archived                    ;
+-----------------------------------+
; File Name                         ;
+-----------------------------------+
; ascii_char_rom.mif                ;
; assignment_defaults.qdf           ;
; i2c_touch_config.v                ;
; Raquetball.vhd                    ;
; sevenseg.vhd                      ;
; VGA_Animation.vhd                 ;
; vga_basic.qpf                     ;
; vga_basic.qsf                     ;
; vga_basic_assignment_defaults.qdf ;
; vga_font.vhd                      ;
; VGAPLL.cmp                        ;
; VGAPLL.qip                        ;
; VGAPLL.vhd                        ;
; VGAPLL/VGAPLL_0002.qip            ;
; VGAPLL/VGAPLL_0002.v              ;
; vram.qip                          ;
; vram.vhd                          ;
; vrom.cmp                          ;
; vrom.qip                          ;
; vrom.vhd                          ;
+-----------------------------------+


