Flow report for Rhody_System
Mon Nov 20 22:37:58 2017
Quartus Prime Version 16.0.0 Build 211 04/27/2016 SJ Standard Edition


---------------------
; Table of Contents ;
---------------------
  1. Legal Notice
  2. Flow Summary
  3. Flow Settings
  4. Flow Non-Default Global Settings
  5. Flow Elapsed Time
  6. Flow OS Summary
  7. Flow Log
  8. Flow Messages
  9. Flow Suppressed Messages



----------------
; Legal Notice ;
----------------
Copyright (C) 1991-2016 Altera Corporation. All rights reserved.
Your use of Altera Corporation's design tools, logic functions 
and other software and tools, and its AMPP partner logic 
functions, and any output files from any of the foregoing 
(including device programming or simulation files), and any 
associated documentation or information are expressly subject 
to the terms and conditions of the Altera Program License 
Subscription Agreement, the Altera Quartus Prime License Agreement,
the Altera MegaCore Function License Agreement, or other 
applicable license agreement, including, without limitation, 
that your use is for the sole purpose of programming logic 
devices manufactured by Altera and sold by Altera or its 
authorized distributors.  Please refer to the applicable 
agreement for further details.



+-----------------------------------------------------------------------------------+
; Flow Summary                                                                      ;
+---------------------------------+-------------------------------------------------+
; Flow Status                     ; Successful - Mon Nov 20 22:37:58 2017           ;
; Quartus Prime Version           ; 16.0.0 Build 211 04/27/2016 SJ Standard Edition ;
; Revision Name                   ; Rhody_System                                    ;
; Top-level Entity Name           ; Rhody_System                                    ;
; Family                          ; Cyclone V                                       ;
; Device                          ; 5CSEMA5F31C6                                    ;
; Timing Models                   ; Final                                           ;
; Logic utilization (in ALMs)     ; 3,234 / 32,070 ( 10 % )                         ;
; Total registers                 ; 2919                                            ;
; Total pins                      ; 86 / 457 ( 19 % )                               ;
; Total virtual pins              ; 0                                               ;
; Total block memory bits         ; 3,227,781 / 4,065,280 ( 79 % )                  ;
; Total DSP Blocks                ; 9 / 87 ( 10 % )                                 ;
; Total HSSI RX PCSs              ; 0                                               ;
; Total HSSI PMA RX Deserializers ; 0                                               ;
; Total HSSI TX PCSs              ; 0                                               ;
; Total HSSI PMA TX Serializers   ; 0                                               ;
; Total PLLs                      ; 1 / 6 ( 17 % )                                  ;
; Total DLLs                      ; 0 / 4 ( 0 % )                                   ;
+---------------------------------+-------------------------------------------------+


+-----------------------------------------+
; Flow Settings                           ;
+-------------------+---------------------+
; Option            ; Setting             ;
+-------------------+---------------------+
; Start date & time ; 11/20/2017 22:33:39 ;
; Main task         ; Compilation         ;
; Revision Name     ; Rhody_System        ;
+-------------------+---------------------+


+----------------------------------------------------------------------------------------------------------------------------+
; Flow Non-Default Global Settings                                                                                           ;
+-------------------------------------+---------------------------------------+---------------+-------------+----------------+
; Assignment Name                     ; Value                                 ; Default Value ; Entity Name ; Section Id     ;
+-------------------------------------+---------------------------------------+---------------+-------------+----------------+
; COMPILER_SIGNATURE_ID               ; 0.151123521909871                     ; --            ; --          ; --             ;
; EDA_OUTPUT_DATA_FORMAT              ; Vhdl                                  ; --            ; --          ; eda_simulation ;
; EDA_SIMULATION_TOOL                 ; ModelSim-Altera (VHDL)                ; <None>        ; --          ; --             ;
; EDA_TIME_SCALE                      ; 1 ps                                  ; --            ; --          ; eda_simulation ;
; MAX_CORE_JUNCTION_TEMP              ; 85                                    ; --            ; --          ; --             ;
; MIN_CORE_JUNCTION_TEMP              ; 0                                     ; --            ; --          ; --             ;
; MISC_FILE                           ; prog_rom.cmp                          ; --            ; --          ; --             ;
; MISC_FILE                           ; data_mem.cmp                          ; --            ; --          ; --             ;
; MISC_FILE                           ; stack_mem.cmp                         ; --            ; --          ; --             ;
; MISC_FILE                           ; sys_rom.cmp                           ; --            ; --          ; --             ;
; MISC_FILE                           ; ext_mem.cmp                           ; --            ; --          ; --             ;
; MISC_FILE                           ; buf_mem.cmp                           ; --            ; --          ; --             ;
; MISC_FILE                           ; add_sub.cmp                           ; --            ; --          ; --             ;
; MISC_FILE                           ; IO/KROM.cmp                           ; --            ; --          ; --             ;
; MISC_FILE                           ; IO/VROM.cmp                           ; --            ; --          ; --             ;
; MISC_FILE                           ; IO/vgapll.cmp                         ; --            ; --          ; --             ;
; MISC_FILE                           ; IO/vramg.cmp                          ; --            ; --          ; --             ;
; MISC_FILE                           ; IO/vramg1.cmp                         ; --            ; --          ; --             ;
; MISC_FILE                           ; IO/vramg2.cmp                         ; --            ; --          ; --             ;
; MISC_FILE                           ; IO/vramt.cmp                          ; --            ; --          ; --             ;
; MISC_FILE                           ; IO/vramt1.cmp                         ; --            ; --          ; --             ;
; MISC_FILE                           ; IO/VROM1.cmp                          ; --            ; --          ; --             ;
; MISC_FILE                           ; fp_add_sub.cmp                        ; --            ; --          ; --             ;
; MISC_FILE                           ; fp_compare.cmp                        ; --            ; --          ; --             ;
; MISC_FILE                           ; fp_convert.bsf                        ; --            ; --          ; --             ;
; MISC_FILE                           ; fp_convert_inst.vhd                   ; --            ; --          ; --             ;
; MISC_FILE                           ; fp_convert.inc                        ; --            ; --          ; --             ;
; MISC_FILE                           ; fp_convert.cmp                        ; --            ; --          ; --             ;
; MISC_FILE                           ; fp_mul.bsf                            ; --            ; --          ; --             ;
; MISC_FILE                           ; fp_mul_inst.vhd                       ; --            ; --          ; --             ;
; MISC_FILE                           ; fp_mul.inc                            ; --            ; --          ; --             ;
; MISC_FILE                           ; fp_mul.cmp                            ; --            ; --          ; --             ;
; PARTITION_COLOR                     ; 16764057                              ; --            ; --          ; Top            ;
; PARTITION_FITTER_PRESERVATION_LEVEL ; PLACEMENT_AND_ROUTING                 ; --            ; --          ; Top            ;
; PARTITION_NETLIST_TYPE              ; SOURCE                                ; --            ; --          ; Top            ;
; POWER_BOARD_THERMAL_MODEL           ; None (CONSERVATIVE)                   ; --            ; --          ; --             ;
; POWER_PRESET_COOLING_SOLUTION       ; 23 MM HEAT SINK WITH 200 LFPM AIRFLOW ; --            ; --          ; --             ;
; PROJECT_OUTPUT_DIRECTORY            ; output_files                          ; --            ; --          ; --             ;
; SYNTHESIS_ONLY_QIP                  ; On                                    ; --            ; --          ; --             ;
+-------------------------------------+---------------------------------------+---------------+-------------+----------------+


+-------------------------------------------------------------------------------------------------------------------------------+
; Flow Elapsed Time                                                                                                             ;
+---------------------------+--------------+-------------------------+---------------------+------------------------------------+
; Module Name               ; Elapsed Time ; Average Processors Used ; Peak Virtual Memory ; Total CPU Time (on all processors) ;
+---------------------------+--------------+-------------------------+---------------------+------------------------------------+
; Analysis & Synthesis      ; 00:00:51     ; 1.0                     ; 1543 MB             ; 00:01:18                           ;
; Fitter                    ; 00:02:22     ; 1.3                     ; 2671 MB             ; 00:05:28                           ;
; Assembler                 ; 00:00:15     ; 1.0                     ; 1319 MB             ; 00:00:14                           ;
; TimeQuest Timing Analyzer ; 00:00:31     ; 2.1                     ; 1719 MB             ; 00:00:58                           ;
; EDA Netlist Writer        ; 00:00:06     ; 1.0                     ; 1663 MB             ; 00:00:06                           ;
; Total                     ; 00:04:05     ; --                      ; --                  ; 00:08:04                           ;
+---------------------------+--------------+-------------------------+---------------------+------------------------------------+


+---------------------------------------------------------------------------------------------+
; Flow OS Summary                                                                             ;
+---------------------------+------------------+----------------+------------+----------------+
; Module Name               ; Machine Hostname ; OS Name        ; OS Version ; Processor type ;
+---------------------------+------------------+----------------+------------+----------------+
; Analysis & Synthesis      ; grouper          ; Ubuntu 16.04.1 ; 16         ; x86_64         ;
; Fitter                    ; grouper          ; Ubuntu 16.04.1 ; 16         ; x86_64         ;
; Assembler                 ; grouper          ; Ubuntu 16.04.1 ; 16         ; x86_64         ;
; TimeQuest Timing Analyzer ; grouper          ; Ubuntu 16.04.1 ; 16         ; x86_64         ;
; EDA Netlist Writer        ; grouper          ; Ubuntu 16.04.1 ; 16         ; x86_64         ;
+---------------------------+------------------+----------------+------------+----------------+


------------
; Flow Log ;
------------
quartus_map --read_settings_files=on --write_settings_files=off Rhody_System -c Rhody_System
quartus_fit --read_settings_files=off --write_settings_files=off Rhody_System -c Rhody_System
quartus_asm --read_settings_files=off --write_settings_files=off Rhody_System -c Rhody_System
quartus_sta Rhody_System -c Rhody_System
quartus_eda --read_settings_files=off --write_settings_files=off Rhody_System -c Rhody_System



