Analysis & Synthesis report for sequence
Mon Feb 13 17:26:28 2017
Quartus Prime Version 16.0.0 Build 211 04/27/2016 SJ Standard Edition


---------------------
; Table of Contents ;
---------------------
  1. Legal Notice
  2. Analysis & Synthesis Summary
  3. Analysis & Synthesis Settings
  4. Parallel Compilation
  5. Analysis & Synthesis Source Files Read
  6. Analysis & Synthesis Resource Usage Summary
  7. Analysis & Synthesis Resource Utilization by Entity
  8. State Machine - |fsm|state
  9. State Machine - |fsm|tstate
 10. Registers Removed During Synthesis
 11. General Register Statistics
 12. Multiplexer Restructuring Statistics (Restructuring Performed)
 13. Parameter Settings for User Entity Instance: debounce:key_debounce
 14. Post-Synthesis Netlist Statistics for Top Partition
 15. Elapsed Time Per Partition
 16. Analysis & Synthesis Messages



----------------
; Legal Notice ;
----------------
Copyright (C) 1991-2016 Altera Corporation. All rights reserved.
Your use of Altera Corporation's design tools, logic functions 
and other software and tools, and its AMPP partner logic 
functions, and any output files from any of the foregoing 
(including device programming or simulation files), and any 
associated documentation or information are expressly subject 
to the terms and conditions of the Altera Program License 
Subscription Agreement, the Altera Quartus Prime License Agreement,
the Altera MegaCore Function License Agreement, or other 
applicable license agreement, including, without limitation, 
that your use is for the sole purpose of programming logic 
devices manufactured by Altera and sold by Altera or its 
authorized distributors.  Please refer to the applicable 
agreement for further details.



+-----------------------------------------------------------------------------------+
; Analysis & Synthesis Summary                                                      ;
+---------------------------------+-------------------------------------------------+
; Analysis & Synthesis Status     ; Successful - Mon Feb 13 17:26:28 2017           ;
; Quartus Prime Version           ; 16.0.0 Build 211 04/27/2016 SJ Standard Edition ;
; Revision Name                   ; sequence                                        ;
; Top-level Entity Name           ; fsm                                             ;
; Family                          ; Cyclone V                                       ;
; Logic utilization (in ALMs)     ; N/A                                             ;
; Total registers                 ; 63                                              ;
; Total pins                      ; 15                                              ;
; Total virtual pins              ; 0                                               ;
; Total block memory bits         ; 0                                               ;
; Total DSP Blocks                ; 0                                               ;
; Total HSSI RX PCSs              ; 0                                               ;
; Total HSSI PMA RX Deserializers ; 0                                               ;
; Total HSSI TX PCSs              ; 0                                               ;
; Total HSSI PMA TX Serializers   ; 0                                               ;
; Total PLLs                      ; 0                                               ;
; Total DLLs                      ; 0                                               ;
+---------------------------------+-------------------------------------------------+


+---------------------------------------------------------------------------------------------------------------------------+
; Analysis & Synthesis Settings                                                                                             ;
+---------------------------------------------------------------------------------+--------------------+--------------------+
; Option                                                                          ; Setting            ; Default Value      ;
+---------------------------------------------------------------------------------+--------------------+--------------------+
; Device                                                                          ; 5CSEMA5F31C6       ;                    ;
; Top-level entity name                                                           ; FSM                ; sequence           ;
; Family name                                                                     ; Cyclone V          ; Cyclone V          ;
; Use smart compilation                                                           ; Off                ; Off                ;
; Enable parallel Assembler and TimeQuest Timing Analyzer during compilation      ; On                 ; On                 ;
; Enable compact report table                                                     ; Off                ; Off                ;
; Restructure Multiplexers                                                        ; Auto               ; Auto               ;
; MLAB Add Timing Constraints For Mixed-Port Feed-Through Mode Setting Don't Care ; Off                ; Off                ;
; Create Debugging Nodes for IP Cores                                             ; Off                ; Off                ;
; Preserve fewer node names                                                       ; On                 ; On                 ;
; Disable OpenCore Plus hardware evaluation                                       ; Off                ; Off                ;
; Verilog Version                                                                 ; Verilog_2001       ; Verilog_2001       ;
; VHDL Version                                                                    ; VHDL_1993          ; VHDL_1993          ;
; State Machine Processing                                                        ; Auto               ; Auto               ;
; Safe State Machine                                                              ; Off                ; Off                ;
; Extract Verilog State Machines                                                  ; On                 ; On                 ;
; Extract VHDL State Machines                                                     ; On                 ; On                 ;
; Ignore Verilog initial constructs                                               ; Off                ; Off                ;
; Iteration limit for constant Verilog loops                                      ; 5000               ; 5000               ;
; Iteration limit for non-constant Verilog loops                                  ; 250                ; 250                ;
; Add Pass-Through Logic to Inferred RAMs                                         ; On                 ; On                 ;
; Infer RAMs from Raw Logic                                                       ; On                 ; On                 ;
; Parallel Synthesis                                                              ; On                 ; On                 ;
; DSP Block Balancing                                                             ; Auto               ; Auto               ;
; NOT Gate Push-Back                                                              ; On                 ; On                 ;
; Power-Up Don't Care                                                             ; On                 ; On                 ;
; Remove Redundant Logic Cells                                                    ; Off                ; Off                ;
; Remove Duplicate Registers                                                      ; On                 ; On                 ;
; Ignore CARRY Buffers                                                            ; Off                ; Off                ;
; Ignore CASCADE Buffers                                                          ; Off                ; Off                ;
; Ignore GLOBAL Buffers                                                           ; Off                ; Off                ;
; Ignore ROW GLOBAL Buffers                                                       ; Off                ; Off                ;
; Ignore LCELL Buffers                                                            ; Off                ; Off                ;
; Ignore SOFT Buffers                                                             ; On                 ; On                 ;
; Limit AHDL Integers to 32 Bits                                                  ; Off                ; Off                ;
; Optimization Technique                                                          ; Balanced           ; Balanced           ;
; Carry Chain Length                                                              ; 70                 ; 70                 ;
; Auto Carry Chains                                                               ; On                 ; On                 ;
; Auto Open-Drain Pins                                                            ; On                 ; On                 ;
; Perform WYSIWYG Primitive Resynthesis                                           ; Off                ; Off                ;
; Auto ROM Replacement                                                            ; On                 ; On                 ;
; Auto RAM Replacement                                                            ; On                 ; On                 ;
; Auto DSP Block Replacement                                                      ; On                 ; On                 ;
; Auto Shift Register Replacement                                                 ; Auto               ; Auto               ;
; Allow Shift Register Merging across Hierarchies                                 ; Auto               ; Auto               ;
; Auto Clock Enable Replacement                                                   ; On                 ; On                 ;
; Strict RAM Replacement                                                          ; Off                ; Off                ;
; Allow Synchronous Control Signals                                               ; On                 ; On                 ;
; Force Use of Synchronous Clear Signals                                          ; Off                ; Off                ;
; Auto Resource Sharing                                                           ; Off                ; Off                ;
; Allow Any RAM Size For Recognition                                              ; Off                ; Off                ;
; Allow Any ROM Size For Recognition                                              ; Off                ; Off                ;
; Allow Any Shift Register Size For Recognition                                   ; Off                ; Off                ;
; Use LogicLock Constraints during Resource Balancing                             ; On                 ; On                 ;
; Ignore translate_off and synthesis_off directives                               ; Off                ; Off                ;
; Timing-Driven Synthesis                                                         ; On                 ; On                 ;
; Report Parameter Settings                                                       ; On                 ; On                 ;
; Report Source Assignments                                                       ; On                 ; On                 ;
; Report Connectivity Checks                                                      ; On                 ; On                 ;
; Ignore Maximum Fan-Out Assignments                                              ; Off                ; Off                ;
; Synchronization Register Chain Length                                           ; 3                  ; 3                  ;
; PowerPlay Power Optimization During Synthesis                                   ; Normal compilation ; Normal compilation ;
; HDL message level                                                               ; Level2             ; Level2             ;
; Suppress Register Optimization Related Messages                                 ; Off                ; Off                ;
; Number of Removed Registers Reported in Synthesis Report                        ; 5000               ; 5000               ;
; Number of Swept Nodes Reported in Synthesis Report                              ; 5000               ; 5000               ;
; Number of Inverted Registers Reported in Synthesis Report                       ; 100                ; 100                ;
; Clock MUX Protection                                                            ; On                 ; On                 ;
; Auto Gated Clock Conversion                                                     ; Off                ; Off                ;
; Block Design Naming                                                             ; Auto               ; Auto               ;
; SDC constraint protection                                                       ; Off                ; Off                ;
; Synthesis Effort                                                                ; Auto               ; Auto               ;
; Shift Register Replacement - Allow Asynchronous Clear Signal                    ; On                 ; On                 ;
; Pre-Mapping Resynthesis Optimization                                            ; Off                ; Off                ;
; Analysis & Synthesis Message Level                                              ; Medium             ; Medium             ;
; Disable Register Merging Across Hierarchies                                     ; Auto               ; Auto               ;
; Resource Aware Inference For Block RAM                                          ; On                 ; On                 ;
; Synthesis Seed                                                                  ; 1                  ; 1                  ;
; Automatic Parallel Synthesis                                                    ; On                 ; On                 ;
; Partial Reconfiguration Bitstream ID                                            ; Off                ; Off                ;
+---------------------------------------------------------------------------------+--------------------+--------------------+


+------------------------------------------+
; Parallel Compilation                     ;
+----------------------------+-------------+
; Processors                 ; Number      ;
+----------------------------+-------------+
; Number detected on machine ; 8           ;
; Maximum allowed            ; 4           ;
;                            ;             ;
; Average used               ; 1.00        ;
; Maximum used               ; 4           ;
;                            ;             ;
; Usage by Processor         ; % Time Used ;
;     Processor 1            ; 100.0%      ;
;     Processors 2-4         ;   0.0%      ;
+----------------------------+-------------+


+------------------------------------------------------------------------------------------------------------------------------------------+
; Analysis & Synthesis Source Files Read                                                                                                   ;
+----------------------------------+-----------------+-----------------+---------------------------------------------------------+---------+
; File Name with User-Entered Path ; Used in Netlist ; File Type       ; File Name with Absolute Path                            ; Library ;
+----------------------------------+-----------------+-----------------+---------------------------------------------------------+---------+
; FSM.vhd                          ; yes             ; User VHDL File  ; /u/ugrads/njohnson/Documents/ELE 301/lab03/FSM.vhd      ;         ;
; debounce.vhd                     ; yes             ; User VHDL File  ; /u/ugrads/njohnson/Documents/ELE 301/lab03/debounce.vhd ;         ;
+----------------------------------+-----------------+-----------------+---------------------------------------------------------+---------+


+--------------------------------------------------------------+
; Analysis & Synthesis Resource Usage Summary                  ;
+---------------------------------------------+----------------+
; Resource                                    ; Usage          ;
+---------------------------------------------+----------------+
; Estimate of Logic utilization (ALMs needed) ; 43             ;
;                                             ;                ;
; Combinational ALUT usage for logic          ; 72             ;
;     -- 7 input functions                    ; 1              ;
;     -- 6 input functions                    ; 11             ;
;     -- 5 input functions                    ; 8              ;
;     -- 4 input functions                    ; 10             ;
;     -- <=3 input functions                  ; 42             ;
;                                             ;                ;
; Dedicated logic registers                   ; 63             ;
;                                             ;                ;
; I/O pins                                    ; 15             ;
;                                             ;                ;
; Total DSP Blocks                            ; 0              ;
;                                             ;                ;
; Maximum fan-out node                        ; clock_50~input ;
; Maximum fan-out                             ; 63             ;
; Total fan-out                               ; 495            ;
; Average fan-out                             ; 3.00           ;
+---------------------------------------------+----------------+


+--------------------------------------------------------------------------------------------------------------------------------------------------------------------------------+
; Analysis & Synthesis Resource Utilization by Entity                                                                                                                            ;
+----------------------------+-------------------+--------------+-------------------+------------+------+--------------+----------------------------+-------------+--------------+
; Compilation Hierarchy Node ; LC Combinationals ; LC Registers ; Block Memory Bits ; DSP Blocks ; Pins ; Virtual Pins ; Full Hierarchy Name        ; Entity Name ; Library Name ;
+----------------------------+-------------------+--------------+-------------------+------------+------+--------------+----------------------------+-------------+--------------+
; |fsm                       ; 72 (69)           ; 63 (54)      ; 0                 ; 0          ; 15   ; 0            ; |fsm                       ; fsm         ; work         ;
;    |debounce:key_debounce| ; 3 (3)             ; 9 (9)        ; 0                 ; 0          ; 0    ; 0            ; |fsm|debounce:key_debounce ; debounce    ; work         ;
+----------------------------+-------------------+--------------+-------------------+------------+------+--------------+----------------------------+-------------+--------------+
Note: For table entries with two numbers listed, the numbers in parentheses indicate the number of resources of the given type used by the specific entity alone. The numbers listed outside of parentheses indicate the total resources of the given type used by the specific entity and all of its sub-entities in the hierarchy.


Encoding Type:  One-Hot
+-------------------------------------------------------------------------------------------------------------------------------------------------------------------------------------------------------------------------------------------------------------------------+
; State Machine - |fsm|state                                                                                                                                                                                                                                              ;
+---------------+-------------+---------------+---------------+---------------+---------------+--------------+--------------+--------------+--------------+-------------+-------------+-------------+-------------+-------------+-------------+-------------+-------------+
; Name          ; state.timer ; state.blink4a ; state.blink3a ; state.blink2a ; state.blink1a ; state.blink4 ; state.blink3 ; state.blink2 ; state.blink1 ; state.wait8 ; state.wait7 ; state.wait6 ; state.wait5 ; state.wait4 ; state.wait3 ; state.wait2 ; state.wait1 ;
+---------------+-------------+---------------+---------------+---------------+---------------+--------------+--------------+--------------+--------------+-------------+-------------+-------------+-------------+-------------+-------------+-------------+-------------+
; state.wait1   ; 0           ; 0             ; 0             ; 0             ; 0             ; 0            ; 0            ; 0            ; 0            ; 0           ; 0           ; 0           ; 0           ; 0           ; 0           ; 0           ; 0           ;
; state.wait2   ; 0           ; 0             ; 0             ; 0             ; 0             ; 0            ; 0            ; 0            ; 0            ; 0           ; 0           ; 0           ; 0           ; 0           ; 0           ; 1           ; 1           ;
; state.wait3   ; 0           ; 0             ; 0             ; 0             ; 0             ; 0            ; 0            ; 0            ; 0            ; 0           ; 0           ; 0           ; 0           ; 0           ; 1           ; 0           ; 1           ;
; state.wait4   ; 0           ; 0             ; 0             ; 0             ; 0             ; 0            ; 0            ; 0            ; 0            ; 0           ; 0           ; 0           ; 0           ; 1           ; 0           ; 0           ; 1           ;
; state.wait5   ; 0           ; 0             ; 0             ; 0             ; 0             ; 0            ; 0            ; 0            ; 0            ; 0           ; 0           ; 0           ; 1           ; 0           ; 0           ; 0           ; 1           ;
; state.wait6   ; 0           ; 0             ; 0             ; 0             ; 0             ; 0            ; 0            ; 0            ; 0            ; 0           ; 0           ; 1           ; 0           ; 0           ; 0           ; 0           ; 1           ;
; state.wait7   ; 0           ; 0             ; 0             ; 0             ; 0             ; 0            ; 0            ; 0            ; 0            ; 0           ; 1           ; 0           ; 0           ; 0           ; 0           ; 0           ; 1           ;
; state.wait8   ; 0           ; 0             ; 0             ; 0             ; 0             ; 0            ; 0            ; 0            ; 0            ; 1           ; 0           ; 0           ; 0           ; 0           ; 0           ; 0           ; 1           ;
; state.blink1  ; 0           ; 0             ; 0             ; 0             ; 0             ; 0            ; 0            ; 0            ; 1            ; 0           ; 0           ; 0           ; 0           ; 0           ; 0           ; 0           ; 1           ;
; state.blink2  ; 0           ; 0             ; 0             ; 0             ; 0             ; 0            ; 0            ; 1            ; 0            ; 0           ; 0           ; 0           ; 0           ; 0           ; 0           ; 0           ; 1           ;
; state.blink3  ; 0           ; 0             ; 0             ; 0             ; 0             ; 0            ; 1            ; 0            ; 0            ; 0           ; 0           ; 0           ; 0           ; 0           ; 0           ; 0           ; 1           ;
; state.blink4  ; 0           ; 0             ; 0             ; 0             ; 0             ; 1            ; 0            ; 0            ; 0            ; 0           ; 0           ; 0           ; 0           ; 0           ; 0           ; 0           ; 1           ;
; state.blink1a ; 0           ; 0             ; 0             ; 0             ; 1             ; 0            ; 0            ; 0            ; 0            ; 0           ; 0           ; 0           ; 0           ; 0           ; 0           ; 0           ; 1           ;
; state.blink2a ; 0           ; 0             ; 0             ; 1             ; 0             ; 0            ; 0            ; 0            ; 0            ; 0           ; 0           ; 0           ; 0           ; 0           ; 0           ; 0           ; 1           ;
; state.blink3a ; 0           ; 0             ; 1             ; 0             ; 0             ; 0            ; 0            ; 0            ; 0            ; 0           ; 0           ; 0           ; 0           ; 0           ; 0           ; 0           ; 1           ;
; state.blink4a ; 0           ; 1             ; 0             ; 0             ; 0             ; 0            ; 0            ; 0            ; 0            ; 0           ; 0           ; 0           ; 0           ; 0           ; 0           ; 0           ; 1           ;
; state.timer   ; 1           ; 0             ; 0             ; 0             ; 0             ; 0            ; 0            ; 0            ; 0            ; 0           ; 0           ; 0           ; 0           ; 0           ; 0           ; 0           ; 1           ;
+---------------+-------------+---------------+---------------+---------------+---------------+--------------+--------------+--------------+--------------+-------------+-------------+-------------+-------------+-------------+-------------+-------------+-------------+


Encoding Type:  One-Hot
+-----------------------------------------------------------------------------+
; State Machine - |fsm|tstate                                                 ;
+----------------+-------------+--------------+--------------+----------------+
; Name           ; tstate.done ; tstate.check ; tstate.count ; tstate.standby ;
+----------------+-------------+--------------+--------------+----------------+
; tstate.standby ; 0           ; 0            ; 0            ; 0              ;
; tstate.count   ; 0           ; 0            ; 1            ; 1              ;
; tstate.check   ; 0           ; 1            ; 0            ; 1              ;
; tstate.done    ; 1           ; 0            ; 0            ; 1              ;
+----------------+-------------+--------------+--------------+----------------+


+--------------------------------------------------------------------------------+
; Registers Removed During Synthesis                                             ;
+---------------------------------------+----------------------------------------+
; Register name                         ; Reason for Removal                     ;
+---------------------------------------+----------------------------------------+
; LEDR[9]~reg0                          ; Stuck at GND due to stuck port data_in ;
; Total Number of Removed Registers = 1 ;                                        ;
+---------------------------------------+----------------------------------------+


+------------------------------------------------------+
; General Register Statistics                          ;
+----------------------------------------------+-------+
; Statistic                                    ; Value ;
+----------------------------------------------+-------+
; Total registers                              ; 63    ;
; Number of registers using Synchronous Clear  ; 27    ;
; Number of registers using Synchronous Load   ; 0     ;
; Number of registers using Asynchronous Clear ; 54    ;
; Number of registers using Asynchronous Load  ; 0     ;
; Number of registers using Clock Enable       ; 26    ;
; Number of registers using Preset             ; 0     ;
+----------------------------------------------+-------+


+------------------------------------------------------------------------------------------------------------------------------------------+
; Multiplexer Restructuring Statistics (Restructuring Performed)                                                                           ;
+--------------------+-----------+---------------+----------------------+------------------------+------------+----------------------------+
; Multiplexer Inputs ; Bus Width ; Baseline Area ; Area if Restructured ; Saving if Restructured ; Registered ; Example Multiplexer Output ;
+--------------------+-----------+---------------+----------------------+------------------------+------------+----------------------------+
; 4:1                ; 26 bits   ; 52 LEs        ; 0 LEs                ; 52 LEs                 ; Yes        ; |fsm|\timer_FSM:cnt[0]     ;
; 9:1                ; 2 bits    ; 12 LEs        ; 6 LEs                ; 6 LEs                  ; No         ; |fsm|Selector40            ;
; 10:1               ; 2 bits    ; 12 LEs        ; 8 LEs                ; 4 LEs                  ; No         ; |fsm|Selector38            ;
+--------------------+-----------+---------------+----------------------+------------------------+------------+----------------------------+


+--------------------------------------------------------------------+
; Parameter Settings for User Entity Instance: debounce:key_debounce ;
+----------------+-------+-------------------------------------------+
; Parameter Name ; Value ; Type                                      ;
+----------------+-------+-------------------------------------------+
; cycles         ; 8     ; Signed Integer                            ;
+----------------+-------+-------------------------------------------+
Note: In order to hide this table in the UI and the text report file, please set the "Show Parameter Settings in Synthesis Report" option in "Analysis and Synthesis Settings -> More Settings" to "Off".


+-----------------------------------------------------+
; Post-Synthesis Netlist Statistics for Top Partition ;
+-----------------------+-----------------------------+
; Type                  ; Count                       ;
+-----------------------+-----------------------------+
; arriav_ff             ; 63                          ;
;     CLR               ; 27                          ;
;     CLR SCLR          ; 1                           ;
;     ENA CLR SCLR      ; 26                          ;
;     plain             ; 9                           ;
; arriav_lcell_comb     ; 73                          ;
;     arith             ; 26                          ;
;         1 data inputs ; 26                          ;
;     extend            ; 1                           ;
;         7 data inputs ; 1                           ;
;     normal            ; 46                          ;
;         0 data inputs ; 1                           ;
;         2 data inputs ; 9                           ;
;         3 data inputs ; 7                           ;
;         4 data inputs ; 10                          ;
;         5 data inputs ; 8                           ;
;         6 data inputs ; 11                          ;
; boundary_port         ; 15                          ;
;                       ;                             ;
; Max LUT depth         ; 3.50                        ;
; Average LUT depth     ; 2.21                        ;
+-----------------------+-----------------------------+


+-------------------------------+
; Elapsed Time Per Partition    ;
+----------------+--------------+
; Partition Name ; Elapsed Time ;
+----------------+--------------+
; Top            ; 00:00:00     ;
+----------------+--------------+


+-------------------------------+
; Analysis & Synthesis Messages ;
+-------------------------------+
Info: *******************************************************************
Info: Running Quartus Prime Analysis & Synthesis
    Info: Version 16.0.0 Build 211 04/27/2016 SJ Standard Edition
    Info: Processing started: Mon Feb 13 17:26:13 2017
Info: Command: quartus_map --read_settings_files=on --write_settings_files=off sequence -c sequence
Warning (18236): Number of processors has not been specified which may cause overloading on shared machines.  Set the global assignment NUM_PARALLEL_PROCESSORS in your QSF to an appropriate value for best performance.
Info (20030): Parallel compilation is enabled and will use 4 of the 4 processors detected
Info (12021): Found 2 design units, including 1 entities, in source file FSM.vhd
    Info (12022): Found design unit 1: fsm-problem5 File: /u/ugrads/njohnson/Documents/ELE 301/lab03/FSM.vhd Line: 11
    Info (12023): Found entity 1: fsm File: /u/ugrads/njohnson/Documents/ELE 301/lab03/FSM.vhd Line: 4
Info (12021): Found 2 design units, including 1 entities, in source file debounce.vhd
    Info (12022): Found design unit 1: debounce-debounce File: /u/ugrads/njohnson/Documents/ELE 301/lab03/debounce.vhd Line: 15
    Info (12023): Found entity 1: debounce File: /u/ugrads/njohnson/Documents/ELE 301/lab03/debounce.vhd Line: 4
Info (12021): Found 2 design units, including 1 entities, in source file sequence.vhd
    Info (12022): Found design unit 1: sequence-example File: /u/ugrads/njohnson/Documents/ELE 301/lab03/sequence.vhd Line: 12
    Info (12023): Found entity 1: sequence File: /u/ugrads/njohnson/Documents/ELE 301/lab03/sequence.vhd Line: 4
Info (12127): Elaborating entity "FSM" for the top level hierarchy
Warning (10034): Output port "LEDR[5..1]" at FSM.vhd(7) has no driver File: /u/ugrads/njohnson/Documents/ELE 301/lab03/FSM.vhd Line: 7
Info (12128): Elaborating entity "debounce" for hierarchy "debounce:key_debounce" File: /u/ugrads/njohnson/Documents/ELE 301/lab03/FSM.vhd Line: 28
Warning (13024): Output pins are stuck at VCC or GND
    Warning (13410): Pin "LEDR[1]" is stuck at GND File: /u/ugrads/njohnson/Documents/ELE 301/lab03/FSM.vhd Line: 7
    Warning (13410): Pin "LEDR[2]" is stuck at GND File: /u/ugrads/njohnson/Documents/ELE 301/lab03/FSM.vhd Line: 7
    Warning (13410): Pin "LEDR[3]" is stuck at GND File: /u/ugrads/njohnson/Documents/ELE 301/lab03/FSM.vhd Line: 7
    Warning (13410): Pin "LEDR[4]" is stuck at GND File: /u/ugrads/njohnson/Documents/ELE 301/lab03/FSM.vhd Line: 7
    Warning (13410): Pin "LEDR[5]" is stuck at GND File: /u/ugrads/njohnson/Documents/ELE 301/lab03/FSM.vhd Line: 7
    Warning (13410): Pin "LEDR[9]" is stuck at GND File: /u/ugrads/njohnson/Documents/ELE 301/lab03/FSM.vhd Line: 87
Info (286030): Timing-Driven Synthesis is running
Info (16010): Generating hard_block partition "hard_block:auto_generated_inst"
    Info (16011): Adding 0 node(s), including 0 DDIO, 0 PLL, 0 transceiver and 0 LCELL
Warning (21074): Design contains 2 input pin(s) that do not drive logic
    Warning (15610): No output dependent on input pin "KEY[1]" File: /u/ugrads/njohnson/Documents/ELE 301/lab03/FSM.vhd Line: 6
    Warning (15610): No output dependent on input pin "KEY[2]" File: /u/ugrads/njohnson/Documents/ELE 301/lab03/FSM.vhd Line: 6
Info (21057): Implemented 95 device resources after synthesis - the final resource count might be different
    Info (21058): Implemented 5 input pins
    Info (21059): Implemented 10 output pins
    Info (21061): Implemented 80 logic cells
Info: Quartus Prime Analysis & Synthesis was successful. 0 errors, 12 warnings
    Info: Peak virtual memory: 1336 megabytes
    Info: Processing ended: Mon Feb 13 17:26:28 2017
    Info: Elapsed time: 00:00:15
    Info: Total CPU time (on all processors): 00:00:27


